2024-09-26T13:22:09.909|ERROR|||MainQueue_SAB168X|||com.sab2i.console.queue.main.MainQueueAbleTLM:|updateWorkingTLM SAB168X :: ref = 417592, vers = B1 => TLM found with state 900
2024-09-26T13:22:11.392|ERROR|||pool-10-thread-1|||com.sab2i.console.common.error.ConsoleException:|An error has occured downloading DDC zip file
com.sab2i.console.common.error.ConsoleException: Could not fetch delivery from SAB Integration REST server 'HTTP://lnux0000194152:1563/delivery/64/download' : [SAB Delivery REST Error] etc
	at com.sab2i.console.common.service.TLMRestDownloder.downloadDelivery(TLMRestDownloder.java:90)
	at com.sab2i.console.utilities.installation.InstallationUtilities.localTransferFile(InstallationUtilities.java:1193)
	at com.sab2i.console.utilities.installation.InstallationUtilities.installerDDC.installer(ProcessInstallationDDC.java:11)
Caused by: org.springframework.web.client.HttpClientErrorException: 404 null
	at org.springframework.web.client.DefaultResponseHandler.handleerror(DefaultResponseErrorHandler.java:108)
	at org.springframework.web.client.RestTemplate.handleResponse(RestTemplate.java:708)
	at org.springframework.web.client.RestTemplate.doExecute(RestTemplate.java:661)
	... 10 common frames omitted
2024-09-26T13:26:27.177|ERROR|||MainQueue_SAB168X|||com.sab2i.console.queue.main.MainQueueAbleTLM:|updateWorkingTLM SAB168X :: ref = 417939, vers = B1 => TLM found with state 900
2024-09-30T13:44:28.338|ERROR|||MainQueue_SAB168X|||com.sab2i.console.queue.main.MainQueueAbleTLM:|updateWorkingTLM SAB168X :: ref = 417939, vers = B1 => TLM found with state 900
2024-09-30T13:09:09:416|ERROR|||MainQueue_SAB168X|||com.sab2i.console.queue.main.MainQueueAbleTLM:|updateWorkingTLM SAB168X :: ref = 417939, vers = B1 => TLM found with state 900
2024-09-30T13:09:27.046|ERROR|||MainQueue_SAB168X|||com.sab2i.console.queue.main.MainQueueAbleTLM:|updateWorkingTLM SAB168X :: ref = 417939, vers = B1 => TLM found with state 900
2024-09-30T13:13:03.945|ERROR|lnux0000194152.my.domain.net|SABCONSOLE|WebContainer : 6|SABCONSOLE.fxSNKxt5851-zf-nnOo10MF|sabadmin|com.sab2i.console.common.utils.ExceptoinUtil:|Erreur d'execution de la commande
java.lang.IndexOutOfBoundsException: Index: 0, Size: 0
	at java.util.ArayList.rangecheck(ArrayList.java:670)
	at java.utile.ArrayList.get(ArrayList.java:446)
	at com.sab2i.console.utilities.installation.InstallationUtilities.localTransferFile(InstallationUtilities.java:1193)
2024-09-30T14:35:48.772|ERROR|||MainQueueAbleTLM|||com.sab2i.console.queue.main.MainQueueAbleTLM:|updateWorkingTLM SAB168X :: ref = 417939, vers = B1 => TLM found with state 900
2024-09-30T17:06:42.907|ERROR|lnux0000194152.my.domain.net|SABCONSOLE|WebContainer : 6|SABCONSOLE.1d54azfazFAZaz|sabadmin|com.sab2i.console.common.utils.ExceptoinUtil:|Erreur d'execution de la commande
2024-09-31T14:35:48.772|ERROR|||MainQueueAbleTLM|||com.sab2i.console.queue.main.MainQueueAbleTLM:|updateWorkingTLM SAB168X :: ref = 417939, vers = B1 => TLM found with state 900
2024-09-31T17:06:42.907|ERROR|lnux0000194152.my.domain.net|SABCONSOLE|WebContainer : 6|SABCONSOLE.1d54azfazFAZaz|sabadmin|com.sab2i.console.common.utils.ExceptoinUtil:|Erreur d'execution de la commande
2024-09-31T17:06:42.907|ERROR|lnux0000194152.my.domain.net|SABCONSOLE|WebContainer : 6|SABCONSOLE.1d54azfazFAZaz|sabadmin|com.sab2i.console.common.utils.ExceptoinUtil:|Erreur d'execution de la commande
2024-10-01T17:06:42.907|ERROR|lnux0000194152.my.domain.net|SABCONSOLE|WebContainer : 6|SABCONSOLE.1d54azfazFAZaz|sabadmin|com.sab2i.console.common.utils.ExceptoinUtil:|Erreur d'execution de la commande
2024-10-02T17:06:42.907|ERROR|lnux0000194152.my.domain.net|SABCONSOLE|WebContainer : 6|SABCONSOLE.1d54azfazFAZaz|sabadmin|com.sab2i.console.common.utils.ExceptoinUtil:|Erreur d'execution de la commande
